AgentStudio/app/proguard-rules.pro
# Add project specific ProGuard rules here.
-keep class com.agentstudio.data.model.** { *; }
-keepclassmembers class com.agentstudio.data.model.** { *; }

# OkHttp
-dontwarn okhttp3.**
-keep class okhttp3.** { *; }

# Kotlinx Serialization
-keepattributes *Annotation*, InnerClasses
-dontnote kotlinx.serialization.AnnotationsKt
-keepclassmembers class kotlinx.serialization.json.** {
    *** Companion;
}
-keepclasseswithmembers class kotlinx.serialization.json.** {
    kotlinx.serialization.KSerializer serializer(...);
}
-keep,includedescriptorclasses class com.agentstudio.**$$serializer { *; }
-keepclassmembers class com.agentstudio.** {
    *** Companion;
}
-keepclasseswithmembers class com.agentstudio.** {
    kotlinx.serialization.KSerializer serializer(...);
}

# Coroutines
-keepnames class kotlinx.coroutines.internal.MainDispatcherFactory {}
-keepnames class kotlinx.coroutines.CoroutineExceptionHandler {}