AgentStudio/app/build/outputs/mapping/release/seeds.txt
com.agentstudio.data.model.AgentTool$$serializer
com.agentstudio.data.model.ToolFunction$$serializer
com.agentstudio.data.model.ChatDelta
com.agentstudio.data.model.ToolCallFunction$Companion
com.agentstudio.AgentStudioApp
com.agentstudio.data.model.ChatChoice
com.agentstudio.data.model.ToolFunction$Companion
com.agentstudio.data.model.ToolResult
com.agentstudio.data.model.ToolCallDelta$$serializer
com.agentstudio.data.model.ToolCall$$serializer
com.agentstudio.data.model.Tool$Companion
com.agentstudio.data.model.ModelsKt
com.agentstudio.data.model.ChatChoice$$serializer
com.agentstudio.data.model.ChatMessage$Companion
com.agentstudio.data.model.ChatResponse
com.agentstudio.data.model.ApiError$$serializer
com.agentstudio.data.model.ToolCallFunctionDelta$Companion
com.agentstudio.data.model.ChatChoice$Companion
com.agentstudio.data.model.ApiError
com.agentstudio.data.model.ToolFunction
com.agentstudio.data.model.ToolResult$$serializer
com.agentstudio.data.model.ToolCallFunction
com.agentstudio.data.model.ChatMessage$$serializer
com.agentstudio.data.model.AgentTool$Companion
com.agentstudio.data.model.Tool$$serializer
com.agentstudio.data.model.ChatMessage
com.agentstudio.data.model.AgentTool
com.agentstudio.data.model.ChatDelta$$serializer
com.agentstudio.data.model.ToolCallFunction$$serializer
com.agentstudio.data.model.ChatResponse$$serializer
com.agentstudio.MainActivity
com.agentstudio.data.model.ChatRequest$$serializer
com.agentstudio.data.model.ModelInfo
com.agentstudio.data.model.ToolResult$Companion
com.agentstudio.data.model.ToolCallDelta$Companion
com.agentstudio.data.model.ToolCall
com.agentstudio.data.model.ChatRequest
com.agentstudio.data.model.Tool
com.agentstudio.data.model.ChatDelta$Companion
com.agentstudio.data.model.ApiError$Companion
com.agentstudio.data.model.ToolCall$Companion
com.agentstudio.data.model.ToolCallFunctionDelta$$serializer
com.agentstudio.data.model.ChatRequest$Companion
com.agentstudio.data.model.ToolCallFunctionDelta
com.agentstudio.data.model.ChatResponse$Companion
com.agentstudio.data.model.ToolCallDelta
com.agentstudio.data.model.ToolFunction: java.lang.String name
com.agentstudio.data.model.ToolCallFunctionDelta$$serializer: kotlinx.serialization.internal.PluginGeneratedSerialDescriptor descriptor
com.agentstudio.data.model.AgentTool$$serializer: int $stable
com.agentstudio.data.model.ToolResult$$serializer: int $stable
com.agentstudio.data.model.ChatMessage: java.lang.String content
com.agentstudio.data.model.ToolCallFunction$$serializer: kotlinx.serialization.internal.PluginGeneratedSerialDescriptor descriptor
com.agentstudio.data.model.ApiError: java.lang.String type
com.agentstudio.data.model.ChatRequest$$serializer: kotlinx.serialization.internal.PluginGeneratedSerialDescriptor descriptor
com.agentstudio.data.model.ToolCallDelta: java.lang.String type
com.agentstudio.data.model.ChatRequest: kotlinx.serialization.KSerializer[] $childSerializers
com.agentstudio.data.model.AgentTool: com.agentstudio.data.model.AgentTool$Companion Companion
com.agentstudio.data.model.ToolFunction: kotlinx.serialization.json.JsonObject parameters
com.agentstudio.data.model.ChatResponse: com.agentstudio.data.model.ChatResponse$Companion Companion
com.agentstudio.data.model.ToolCallFunctionDelta: java.lang.String arguments
com.agentstudio.data.model.AgentTool: kotlinx.serialization.json.JsonObject parameters
com.agentstudio.data.model.ChatResponse: java.util.List choices
com.agentstudio.data.model.ToolResult: java.lang.String toolCallId
com.agentstudio.data.model.ApiError: com.agentstudio.data.model.ApiError$Companion Companion
com.agentstudio.data.model.ToolCallFunctionDelta$$serializer: int $stable
com.agentstudio.data.model.ToolCallFunction$$serializer: int $stable
com.agentstudio.data.model.ApiError$$serializer: int $stable
com.agentstudio.data.model.ChatChoice$$serializer: int $stable
com.agentstudio.data.model.ToolCallFunctionDelta: java.lang.String name
...
okhttp3.internal.cache.DiskLruCache: void checkNotClosed()
okhttp3.WebSocketListener: void onFailure(okhttp3.WebSocket,java.lang.Throwable,okhttp3.Response)
okhttp3.OkHttpClient$Builder: boolean getRetryOnConnectionFailure$okhttp()
okhttp3.ResponseBody$BomAwareReader: void close()
okhttp3.MultipartBody$Part$Companion: okhttp3.MultipartBody$Part createFormData(java.lang.String,java.lang.String)
okhttp3.OkHttpClient$Builder: void setCertificatePinner$okhttp(okhttp3.CertificatePinner)
okhttp3.internal.http2.Header: boolean equals(java.lang.Object)
androidx.compose.ui.platform.AndroidComposeView: androidx.compose.ui.text.input.PlatformTextInputPluginRegistryImpl getPlatformTextInputPluginRegistry()
okhttp3.internal.cache.DiskLruCache$Editor: okio.Sink newSink(int)
okhttp3.internal.ws.RealWebSocket$connect$1: void onResponse(okhttp3.Call,okhttp3.Response)
okhttp3.ConnectionSpec: boolean equals(java.lang.Object)
okhttp3.internal.http.HttpHeaders: boolean hasBody(okhttp3.Response)
okhttp3.internal.Util: java.util.List toHeaderList(okhttp3.Headers)
okhttp3.internal.connection.RealConnectionPool: void evictAll()
okhttp3.OkHttpClient$Builder: void setAuthenticator$okhttp(okhttp3.Authenticator)
okhttp3.internal.http2.Hpack$Reader: void adjustDynamicTableByteCount()
androidx.compose.animation.core.AnimationEndReason: androidx.compose.animation.core.AnimationEndReason valueOf(java.lang.String)
okhttp3.internal.http1.Http1ExchangeCodec: void writeRequestHeaders(okhttp3.Request)
okhttp3.Response: java.lang.String header$default(okhttp3.Response,java.lang.String,java.lang.String,int,java.lang.Object)
okhttp3.internal.http2.Http2Connection: okhttp3.internal.http2.Http2Stream removeStream$okhttp(int)
okhttp3.HttpUrl$Builder$Companion: int access$portColonOffset(okhttp3.HttpUrl$Builder$Companion,java.lang.String,int,int)
okhttp3.HttpUrl: java.lang.String -deprecated_password()
androidx.compose.material.ripple.RippleHostView: void setRippleState(boolean)
okhttp3.OkHttpClient: java.util.List access$getDEFAULT_PROTOCOLS$cp()
okhttp3.RequestBody$Companion: okhttp3.RequestBody create$default(okhttp3.RequestBody$Companion,byte[],okhttp3.MediaType,int,int,int,java.lang.Object)
okhttp3.internal.cache.CacheStrategy$Companion: boolean isCacheable(okhttp3.Response,okhttp3.Request)
okhttp3.internal.http1.Http1ExchangeCodec: void writeRequest(okhttp3.Headers,java.lang.String)
okhttp3.sse.EventSourceListener: void onFailure(okhttp3.sse.EventSource,java.lang.Throwable,okhttp3.Response)
okhttp3.Headers: java.lang.String value(int)
okhttp3.Dispatcher: java.util.concurrent.ExecutorService executorService()
okhttp3.internal.connection.RealConnection$Companion: RealConnection$Companion()
okhttp3.internal.http2.Http2Connection$Builder: okhttp3.internal.http2.Http2Connection build()
okhttp3.internal.http2.Http2Connection: void start$default(okhttp3.internal.http2.Http2Connection,boolean,okhttp3.internal.concurrent.TaskRunner,int,java.lang.Object)
okhttp3.internal.platform.android.SocketAdapter: void configureTlsExtensions(javax.net.ssl.SSLSocket,java.lang.String,java.util.List)
okhttp3.Handshake$Companion$handshake$1: java.util.List invoke()
okhttp3.Response$Builder: Response$Builder()
okhttp3.internal.Internal: java.lang.String cookieToString(okhttp3.Cookie,boolean)
okhttp3.internal.Util: int and(byte,int)
okhttp3.CipherSuite$Companion: CipherSuite$Companion()
androidx.core.view.ViewCompat$Api16Impl: void setBackground(android.view.View,android.graphics.drawable.Drawable)
kotlin.time.DurationUnit: kotlin.time.DurationUnit valueOf(java.lang.String)
okhttp3.internal.ws.RealWebSocket: void checkUpgradeSuccess$okhttp(okhttp3.Response,okhttp3.internal.connection.Exchange)
okhttp3.internal.connection.RealConnectionPool$cleanupTask$1: RealConnectionPool$cleanupTask$1(okhttp3.internal.connection.RealConnectionPool,java.lang.String)
okhttp3.Cookie: long expiresAt()
okhttp3.Headers$Companion: okhttp3.Headers -deprecated_of(java.util.Map)