AgentStudio/app/build/outputs/mapping/release/usage.txt
com.agentstudio.AgentStudioApp:
    public static final int $stable
com.agentstudio.BuildConfig
com.agentstudio.MainActivity:
    public static final int $stable
com.agentstudio.R$color
com.agentstudio.R$drawable
com.agentstudio.R$mipmap
com.agentstudio.R$string
com.agentstudio.R$style
com.agentstudio.R
com.agentstudio.data.agent.AgentExecutor$AgentEvent$Complete:
    public static final int $stable
com.agentstudio.data.agent.AgentExecutor$AgentEvent$Error:
    public static final int $stable
    public final java.lang.String component1()
    public final com.agentstudio.data.agent.AgentExecutor$AgentEvent$Error copy(java.lang.String)
    public static synthetic com.agentstudio.data.agent.AgentExecutor$AgentEvent$Error copy$default(com.agentstudio.data.agent.AgentExecutor$AgentEvent$Error,java.lang.String,int,java.lang.Object)
com.agentstudio.data.agent.AgentExecutor$AgentEvent$Token:
    public static final int $stable
    public final java.lang.String component1()
    public final com.agentstudio.data.agent.AgentExecutor$AgentEvent$Token copy(java.lang.String)
    public static synthetic com.agentstudio.data.agent.AgentExecutor$AgentEvent$Token copy$default(com.agentstudio.data.agent.AgentExecutor$AgentEvent$Token,java.lang.String,int,java.lang.Object)
com.agentstudio.data.agent.AgentExecutor$AgentEvent$ToolCallComplete:
    public static final int $stable
    public final java.lang.String component1()
    public final java.lang.String component2()
    public final java.lang.String component3()
    public final com.agentstudio.data.agent.AgentExecutor$AgentEvent$ToolCallComplete copy(java.lang.String,java.lang.String,java.lang.String)
    public static synthetic com.agentstudio.data.agent.AgentExecutor$AgentEvent$ToolCallComplete copy$default(com.agentstudio.data.agent.AgentExecutor$AgentEvent$ToolCallComplete,java.lang.String,java.lang.String,java.lang.String,int,java.lang.Object)
    public final java.lang.String getArguments()
    public final java.lang.String getId()
    public final java.lang.String getName()
com.agentstudio.data.agent.AgentExecutor$AgentEvent$ToolCallDelta
com.agentstudio.data.agent.AgentExecutor$AgentEvent$ToolCallStart:
    public static final int $stable
    public final java.lang.String component1()
    public final java.lang.String component2()
    public final com.agentstudio.data.agent.AgentExecutor$AgentEvent$ToolCallStart copy(java.lang.String,java.lang.String)
    public static synthetic com.agentstudio.data.agent.AgentExecutor$AgentEvent$ToolCallStart copy$default(com.agentstudio.data.agent.AgentExecutor$AgentEvent$ToolCallStart,java.lang.String,java.lang.String,int,java.lang.Object)
    public final java.lang.String getId()
com.agentstudio.data.agent.AgentExecutor$AgentEvent$ToolResult:
    public static final int $stable
    public final java.lang.String component1()
    public final java.lang.String component2()
    public final com.agentstudio.data.agent.AgentExecutor$AgentEvent$ToolResult copy(java.lang.String,java.lang.String)
    public static synthetic com.agentstudio.data.agent.AgentExecutor$AgentEvent$ToolResult copy$default(com.agentstudio.data.agent.AgentExecutor$AgentEvent$ToolResult,java.lang.String,java.lang.String,int,java.lang.Object)
    public final java.lang.String getResult()
    public final java.lang.String getToolCallId()
com.agentstudio.data.agent.AgentExecutor$AgentEvent:
    public static final int $stable
...
androidx.compose.material.icons.rounded.LowPriorityKt
androidx.compose.material.icons.rounded.LoyaltyKt
androidx.compose.material.icons.rounded.LteMobiledataKt
androidx.compose.material.icons.rounded.LtePlusMobiledataKt
androidx.compose.material.icons.rounded.LuggageKt
androidx.compose.material.icons.rounded.LunchDiningKt
androidx.compose.material.icons.rounded.LyricsKt
androidx.compose.material.icons.rounded.MacroOffKt
androidx.compose.material.icons.rounded.MailKt
androidx.compose.material.icons.rounded.MailLockKt
androidx.compose.material.icons.rounded.MailOutlineKt
androidx.compose.material.icons.rounded.MaleKt
androidx.compose.material.icons.rounded.Man2Kt
androidx.compose.material.icons.rounded.Man3Kt
androidx.compose.material.icons.rounded.Man4Kt
androidx.compose.material.icons.rounded.ManKt
androidx.compose.material.icons.rounded.ManageAccountsKt
androidx.compose.material.icons.rounded.ManageHistoryKt
androidx.compose.material.icons.rounded.ManageSearchKt
androidx.compose.material.icons.rounded.MapKt
androidx.compose.material.icons.rounded.MapsHomeWorkKt
androidx.compose.material.icons.rounded.MapsUgcKt
androidx.compose.material.icons.rounded.MarginKt
androidx.compose.material.icons.rounded.MarkAsUnreadKt
androidx.compose.material.icons.rounded.MarkChatReadKt
androidx.compose.material.icons.rounded.MarkChatUnreadKt
androidx.compose.material.icons.rounded.MarkEmailReadKt
androidx.compose.material.icons.rounded.MarkEmailUnreadKt
androidx.compose.material.icons.rounded.MarkUnreadChatAltKt
androidx.compose.material.icons.rounded.MarkunreadKt
androidx.compose.material.icons.rounded.MarkunreadMailboxKt
androidx.compose.material.icons.rounded.MasksKt
androidx.compose.material.icons.rounded.MaximizeKt
androidx.compose.material.icons.rounded.MediaBluetoothOffKt
androidx.compose.material.icons.rounded.MediaBluetoothOnKt
androidx.compose.material.icons.rounded.MediationKt
androidx.compose.material.icons.rounded.MedicalInformationKt
androidx.compose.material.icons.rounded.MedicalServicesKt
androidx.compose.material.icons.rounded.MedicationKt
androidx.compose.material.icons.rounded.MeetingRoomKt
androidx.compose.material.icons.rounded.MemoryKt
androidx.compose.material.icons.rounded.MenuBookKt
androidx.compose.material.icons.rounded.MenuKt
androidx.compose.material.icons.rounded.MenuOpenKt
androidx.compose.material.icons.rounded.MergeKt
androidx.compose.material.icons.rounded.MergeTypeKt
androidx.compose.material.icons.rounded.MessageKt
androidx.compose.material.icons.rounded.MicExternalOffKt
androidx.compose.material.icons.rounded.MicExternalOnKt
androidx.compose.material.icons.rounded.MicKt
androidx.compose.material.icons.rounded.MicNoneKt
androidx.compose.material.icons.rounded.MicOffKt
androidx.compose.material.icons.rounded.MicrowaveKt
androidx.compose.material.icons.rounded.MilitaryTechKt
androidx.compose.material.icons.rounded.MinimizeKt
androidx.compose.material.icons.rounded.MinorCrashKt
androidx.compose.material.icons.rounded.MiscellaneousServicesKt
androidx.compose.material.icons.rounded.MissedVideoCallKt
androidx.compose.material.icons.rounded.MmsKt
androidx.compose.material.icons.rounded.MobileFriendlyKt
androidx.compose.material.icons.rounded.MobileOffKt
androidx.compose.material.icons.rounded.MobileScreenShareKt
androidx.compose.material.icons.rounded.MobiledataOffKt
androidx.compose.material.icons.rounded.ModeCommentKt
androidx.compose.material.icons.rounded.ModeEditKt
androidx.compose.material.icons.rounded.ModeEditOutlineKt
androidx.compose.material.icons.rounded.ModeFanOffKt
androidx.compose.material.icons.rounded.ModeKt
androidx.compose.material.icons.rounded.ModeNightKt
androidx.compose.material.icons.rounded.ModeOfTravelKt
androidx.compose.material.icons.rounded.ModeStandbyKt
androidx.compose.material.icons.rounded.ModelTrainingKt
androidx.compose.material.icons.rounded.MonetizationOnKt
androidx.compose.material.icons.rounded.MoneyKt
androidx.compose.material.icons.rounded.MoneyOffCsredKt